This is e-upTeX, Version 3.141592653-p4.1.1-u1.30-230214-2.6 (utf8.euc) (TeX Live 2024) (preloaded format=platex 2024.10.23)  23 OCT 2024 16:57
entering extended mode
 restricted \write18 enabled.
 %&-line parsing enabled.
**main.tex -halt-on-error
(./main.tex
pLaTeX2e <2023-02-14>+1, based on
LaTeX2e <2023-11-01> patch level 1
L3 programming layer <2024-10-09>
(/usr/local/texlive/2024/texmf-dist/tex/uplatex/base/ujarticle.cls
Document Class: ujarticle 2020/09/30 v1.8f-u00 Standard upLaTeX class
\c@@paper=\count188
(/usr/local/texlive/2024/texmf-dist/tex/uplatex/base/ujsize11.clo
File: ujsize11.clo 2020/09/30 v1.8f-u00 Standard upLaTeX file (size option)
)
\c@part=\count189
\c@section=\count190
\c@subsection=\count191
\c@subsubsection=\count192
\c@paragraph=\count193
\c@subparagraph=\count194
\c@figure=\count195
\c@table=\count196
\abovecaptionskip=\skip48
\belowcaptionskip=\skip49


! LaTeX Error: Encoding scheme `JY2' unknown.

See the LaTeX manual or LaTeX Companion for explanation.
Type  H <return>  for immediate help.
 ...                                              
                                                  
l.614 ...\DeclareSymbolFont{mincho}{JY2}{mc}{m}{n}
                                                  
? 

! LaTeX Error: Unknown symbol font `mincho'.

See the LaTeX manual or LaTeX Companion for explanation.
Type  H <return>  for immediate help.
 ...                                              
                                                  
l.615 ...eclareSymbolFontAlphabet{\mathmc}{mincho}
                                                  
? 

! LaTeX Error: Encoding scheme `JY2' unknown.

See the LaTeX manual or LaTeX Companion for explanation.
Type  H <return>  for immediate help.
 ...                                              
                                                  
l.616 ...etSymbolFont{mincho}{bold}{JY2}{gt}{m}{n}
                                                  
? 
! Missing number, treated as zero.
<to be read again> 
                   \symmincho 
l.617     \jfam\symmincho
                         
? 

! LaTeX Error: Encoding scheme `JY2' unknown.

See the LaTeX manual or LaTeX Companion for explanation.
Type  H <return>  for immediate help.
 ...                                              
                                                  
l.618 ...clareMathAlphabet{\mathgt}{JY2}{gt}{m}{n}
                                                  
? 
\toclineskip=\dimen156
\@lnumwidth=\dimen157
\bibindent=\dimen158
\heisei=\count197
) (./funinfosys.sty
\suiheioffset=\skip50
\hyodaioffset=\skip51

*** FUN Graduation Study Midterm Report Style ***
) (/usr/local/texlive/2024/texmf-dist/tex/latex/url/url.sty
\Urlmuskip=\muskip16
Package: url 2013/09/16  ver 3.4  Verb mode for urls, etc.
)
(/usr/local/texlive/2024/texmf-dist/tex/latex/graphics/graphicx.sty
Package: graphicx 2021/09/16 v1.2d Enhanced LaTeX Graphics (DPC,SPQR)

(/usr/local/texlive/2024/texmf-dist/tex/latex/graphics/keyval.sty
Package: keyval 2022/05/29 v1.15 key=value parser (DPC)
\KV@toks@=\toks18
)
(/usr/local/texlive/2024/texmf-dist/tex/latex/graphics/graphics.sty
Package: graphics 2022/03/10 v1.4e Standard LaTeX Graphics (DPC,SPQR)

(/usr/local/texlive/2024/texmf-dist/tex/latex/graphics/trig.sty
Package: trig 2021/08/11 v1.11 sin cos tan (DPC)
)
(/usr/local/texlive/2024/texmf-dist/tex/latex/graphics-cfg/graphics.cfg
File: graphics.cfg 2016/06/04 v1.11 sample graphics configuration
)
Package graphics Info: Driver file: dvipdfmx.def on input line 107.

(/usr/local/texlive/2024/texmf-dist/tex/latex/graphics-def/dvipdfmx.def
File: dvipdfmx.def 2022/09/22 v5.0m Graphics/color driver for dvipdfmx
))
\Gin@req@height=\dimen159
\Gin@req@width=\dimen160
)
(/usr/local/texlive/2024/texmf-dist/tex/latex/l3backend/l3backend-dvips.def
File: l3backend-dvips.def 2024-05-08 L3 backend support: dvips
\l__pdf_internal_box=\box68
\l__pdf_backend_content_box=\box69
\l__pdf_backend_model_box=\box70
\g__pdf_backend_annotation_int=\count198
\g__pdf_backend_link_int=\count199
\g__pdf_backend_link_sf_int=\count266
)
(./main.aux)
\openout1 = `main.aux'.

LaTeX Font Info:    Checking defaults for OML/cmm/m/it on input line 25.
LaTeX Font Info:    ... okay on input line 25.
LaTeX Font Info:    Checking defaults for OMS/cmsy/m/n on input line 25.
LaTeX Font Info:    ... okay on input line 25.
LaTeX Font Info:    Checking defaults for OT1/cmr/m/n on input line 25.
LaTeX Font Info:    ... okay on input line 25.
LaTeX Font Info:    Checking defaults for T1/cmr/m/n on input line 25.
LaTeX Font Info:    ... okay on input line 25.
LaTeX Font Info:    Checking defaults for TS1/cmr/m/n on input line 25.
LaTeX Font Info:    ... okay on input line 25.
LaTeX Font Info:    Checking defaults for OMX/cmex/m/n on input line 25.
LaTeX Font Info:    ... okay on input line 25.
LaTeX Font Info:    Checking defaults for U/cmr/m/n on input line 25.
LaTeX Font Info:    ... okay on input line 25.
LaTeX Font Info:    Checking defaults for JY1/mc/m/n on input line 25.
LaTeX Font Info:    ... okay on input line 25.
LaTeX Font Info:    Checking defaults for JT1/mc/m/n on input line 25.
LaTeX Font Info:    ... okay on input line 25.
LaTeX Font Info:    Font shape `JT1/mc/bx/n' in size <14.4> not available
(Font)              Font shape `JT1/gt/m/n' tried instead on input line 26.
LaTeX Font Info:    Font shape `JY1/mc/bx/n' in size <14.4> not available
(Font)              Font shape `JY1/gt/m/n' tried instead on input line 26.
LaTeX Font Info:    External font `cmex10' loaded for size
(Font)              <12> on input line 26.
LaTeX Font Info:    External font `cmex10' loaded for size
(Font)              <8> on input line 26.
LaTeX Font Info:    External font `cmex10' loaded for size
(Font)              <6> on input line 26.
LaTeX Font Info:    Font shape `JT1/mc/bx/n' in size <10.95> not available
(Font)              Font shape `JT1/gt/m/n' tried instead on input line 26.
LaTeX Font Info:    Font shape `JY1/mc/bx/n' in size <10.95> not available
(Font)              Font shape `JY1/gt/m/n' tried instead on input line 26.
LaTeX Font Info:    External font `cmex10' loaded for size
(Font)              <10.95> on input line 26.
LaTeX Font Info:    Font shape `JT1/mc/bx/n' in size <12> not available
(Font)              Font shape `JT1/gt/m/n' tried instead on input line 29.
LaTeX Font Info:    Font shape `JY1/mc/bx/n' in size <12> not available
(Font)              Font shape `JY1/gt/m/n' tried instead on input line 29.

Overfull \vbox (0.73932pt too high) has occurred while \output is active []


[1


]
File: ./images/terraform.png Graphic file (type bmp)
<./images/terraform.png>


LaTeX Warning: `h' float specifier changed to `ht'.

File: ./images/cloud.png Graphic file (type bmp)
<./images/cloud.png>

Overfull \vbox (0.73932pt too high) has occurred while \output is active []


[2]
File: ./images/scraping.png Graphic file (type bmp)
<./images/scraping.png>

Underfull \hbox (badness 10000) in paragraph at lines 115--118
[]\OT1/cmr/m/n/10.95 Agouti \JY1/mc/m/n/10.95 を動作させる \OT1/cmr/m/n/10.95 W
eb-Driver \JY1/mc/m/n/10.95 とし
 []


Underfull \hbox (badness 10000) in paragraph at lines 115--118
\JY1/mc/m/n/10.95 て\OT1/cmr/m/n/10.95 ,ChromeDriver \JY1/mc/m/n/10.95 を採用す
る\OT1/cmr/m/n/10.95 .Web-Driver \JY1/mc/m/n/10.95 と
 []

File: ./images/machine.png Graphic file (type bmp)
<./images/machine.png>

Overfull \vbox (0.73932pt too high) has occurred while \output is active []


[3]
Underfull \hbox (badness 10000) in paragraph at lines 154--158
[]\JY1/mc/m/n/10.95 本システムの有用性を確認するため
 []


Underfull \hbox (badness 2310) in paragraph at lines 181--182
[]\JY1/mc/m/n/10.95 大阪大学\OT1/cmr/m/n/10.95 , "\JY1/mc/m/n/10.95 大阪大学キ 
ャ ンパスクラウ
 []


Underfull \hbox (badness 2027) in paragraph at lines 181--182
\OT1/cmr/m/n/10.95 able from: $\OT1/cmtt/m/n/10.95 https : / / ccc . osaka -[] 
u . ac .
 []


Underfull \hbox (badness 1852) in paragraph at lines 183--184
[]\OT1/cmr/m/n/10.95 K. Mor-ris: "In-fras-truc-ture as Code",
 []


Underfull \hbox (badness 5302) in paragraph at lines 187--190
\OT1/cmr/m/n/10.95 flects What HashiCorp Has Learned
 []


Underfull \hbox (badness 10000) in paragraph at lines 187--190
\OT1/cmr/m/n/10.95 About Infrastructure-as-Code", THE-
 []


Underfull \hbox (badness 1092) in paragraph at lines 187--190
\OT1/cmr/m/n/10.95 NEW-STACK, [On-line]. Avail-able from:
 []


Underfull \hbox (badness 10000) in paragraph at lines 187--190
\OT1/cmtt/m/n/10.95 https : / / thenewstack . io / terraform1 -[]
 []


Underfull \hbox (badness 10000) in paragraph at lines 187--190
\OT1/cmtt/m/n/10.95 0 -[] reflects -[] what -[] hashicorp -[] has -[]
 []


Underfull \hbox (badness 10000) in paragraph at lines 187--190
\OT1/cmtt/m/n/10.95 learned -[] about -[] infrastructure -[] as -[]
 []


Underfull \hbox (badness 10000) in paragraph at lines 187--190
\OT1/cmtt/m/n/10.95 code / ?utm _ referrer = https % 3A % 2F %
 []


Overfull \vbox (0.73932pt too high) has occurred while \output is active []


[4] (./main.aux)
 ***********
pLaTeX2e <2023-02-14>+1, based on
LaTeX2e <2023-11-01> patch level 1
L3 programming layer <2024-10-09>
 ***********


LaTeX Warning: Label(s) may have changed. Rerun to get cross-references right.

 ) 
Here is how much of TeX's memory you used:
 1121 strings out of 474644
 18811 string characters out of 5756014
 402679 words of memory out of 5000000
 23649 multiletter control sequences out of 15000+600000
 568832 words of font info for 78 fonts, out of 8000000 for 9000
 929 hyphenation exceptions out of 8191
 57i,12n,65p,602b,298s stack positions out of 10000i,1000n,20000p,200000b,200000s

Output written on main.dvi (4 pages, 26940 bytes).
